{"/Users/wmc/workspace/node-oj-stdin/src/core/array.js": {"path":"/Users/wmc/workspace/node-oj-stdin/src/core/array.js","statementMap":{"0":{"start":{"line":4,"column":2},"end":{"line":4,"column":47}},"1":{"start":{"line":4,"column":34},"end":{"line":4,"column":45}}},"fnMap":{"0":{"name":"getLineArr","decl":{"start":{"line":3,"column":16},"end":{"line":3,"column":26}},"loc":{"start":{"line":3,"column":29},"end":{"line":5,"column":1}},"line":3},"1":{"name":"(anonymous_1)","decl":{"start":{"line":4,"column":24},"end":{"line":4,"column":25}},"loc":{"start":{"line":4,"column":34},"end":{"line":4,"column":45}},"line":4}},"branchMap":{},"s":{"0":1,"1":1},"f":{"0":1,"1":1},"b":{},"_coverageSchema":"1a1c01bbd47fc00a2c39e90264f33305004495a9","hash":"fe5719549d4551878edb75fbefb1500931e7745f"}
,"/Users/wmc/workspace/node-oj-stdin/src/core/base.js": {"path":"/Users/wmc/workspace/node-oj-stdin/src/core/base.js","statementMap":{"0":{"start":{"line":3,"column":11},"end":{"line":6,"column":2}},"1":{"start":{"line":8,"column":15},"end":{"line":8,"column":17}},"2":{"start":{"line":9,"column":19},"end":{"line":9,"column":20}},"3":{"start":{"line":11,"column":0},"end":{"line":13,"column":3}},"4":{"start":{"line":12,"column":2},"end":{"line":12,"column":17}},"5":{"start":{"line":15,"column":0},"end":{"line":23,"column":3}},"6":{"start":{"line":16,"column":2},"end":{"line":22,"column":5}},"7":{"start":{"line":17,"column":4},"end":{"line":21,"column":5}},"8":{"start":{"line":18,"column":6},"end":{"line":18,"column":22}},"9":{"start":{"line":20,"column":6},"end":{"line":20,"column":33}},"10":{"start":{"line":26,"column":2},"end":{"line":26,"column":17}},"11":{"start":{"line":27,"column":2},"end":{"line":36,"column":5}},"12":{"start":{"line":28,"column":4},"end":{"line":35,"column":7}},"13":{"start":{"line":29,"column":6},"end":{"line":34,"column":7}},"14":{"start":{"line":30,"column":8},"end":{"line":30,"column":32}},"15":{"start":{"line":31,"column":8},"end":{"line":31,"column":23}},"16":{"start":{"line":33,"column":8},"end":{"line":33,"column":26}},"17":{"start":{"line":40,"column":2},"end":{"line":40,"column":13}}},"fnMap":{"0":{"name":"lineEvent","decl":{"start":{"line":11,"column":23},"end":{"line":11,"column":32}},"loc":{"start":{"line":11,"column":36},"end":{"line":13,"column":1}},"line":11},"1":{"name":"closeEvent","decl":{"start":{"line":15,"column":24},"end":{"line":15,"column":34}},"loc":{"start":{"line":15,"column":37},"end":{"line":23,"column":1}},"line":15},"2":{"name":"closeProcess","decl":{"start":{"line":16,"column":24},"end":{"line":16,"column":36}},"loc":{"start":{"line":16,"column":39},"end":{"line":22,"column":3}},"line":16},"3":{"name":"getLine","decl":{"start":{"line":25,"column":16},"end":{"line":25,"column":23}},"loc":{"start":{"line":25,"column":26},"end":{"line":37,"column":1}},"line":25},"4":{"name":"(anonymous_4)","decl":{"start":{"line":27,"column":21},"end":{"line":27,"column":22}},"loc":{"start":{"line":27,"column":34},"end":{"line":36,"column":3}},"line":27},"5":{"name":"run","decl":{"start":{"line":28,"column":26},"end":{"line":28,"column":29}},"loc":{"start":{"line":28,"column":32},"end":{"line":35,"column":5}},"line":28},"6":{"name":"close","decl":{"start":{"line":39,"column":16},"end":{"line":39,"column":21}},"loc":{"start":{"line":39,"column":24},"end":{"line":41,"column":1}},"line":39}},"branchMap":{"0":{"loc":{"start":{"line":17,"column":4},"end":{"line":21,"column":5}},"type":"if","locations":[{"start":{"line":17,"column":4},"end":{"line":21,"column":5}},{"start":{"line":17,"column":4},"end":{"line":21,"column":5}}],"line":17},"1":{"loc":{"start":{"line":17,"column":8},"end":{"line":17,"column":49}},"type":"binary-expr","locations":[{"start":{"line":17,"column":8},"end":{"line":17,"column":27}},{"start":{"line":17,"column":31},"end":{"line":17,"column":49}}],"line":17},"2":{"loc":{"start":{"line":29,"column":6},"end":{"line":34,"column":7}},"type":"if","locations":[{"start":{"line":29,"column":6},"end":{"line":34,"column":7}},{"start":{"line":29,"column":6},"end":{"line":34,"column":7}}],"line":29}},"s":{"0":2,"1":2,"2":2,"3":2,"4":0,"5":2,"6":0,"7":0,"8":0,"9":0,"10":0,"11":0,"12":0,"13":0,"14":0,"15":0,"16":0,"17":0},"f":{"0":0,"1":0,"2":0,"3":0,"4":0,"5":0,"6":0},"b":{"0":[0,0],"1":[0,0],"2":[0,0]},"_coverageSchema":"1a1c01bbd47fc00a2c39e90264f33305004495a9","hash":"e244f5ecbb4750f8c723506c5aabceef2356eb17"}
,"/Users/wmc/workspace/node-oj-stdin/src/core/number.js": {"path":"/Users/wmc/workspace/node-oj-stdin/src/core/number.js","statementMap":{"0":{"start":{"line":5,"column":2},"end":{"line":5,"column":48}},"1":{"start":{"line":5,"column":34},"end":{"line":5,"column":46}}},"fnMap":{"0":{"name":"getLineInt","decl":{"start":{"line":4,"column":16},"end":{"line":4,"column":26}},"loc":{"start":{"line":4,"column":29},"end":{"line":6,"column":1}},"line":4},"1":{"name":"(anonymous_1)","decl":{"start":{"line":5,"column":24},"end":{"line":5,"column":25}},"loc":{"start":{"line":5,"column":34},"end":{"line":5,"column":46}},"line":5}},"branchMap":{},"s":{"0":1,"1":1},"f":{"0":1,"1":1},"b":{},"_coverageSchema":"1a1c01bbd47fc00a2c39e90264f33305004495a9","hash":"ab41128672b095be8e9f1dec50cb8a7094ea17ce"}
,"/Users/wmc/workspace/node-oj-stdin/src/transform/array.js": {"path":"/Users/wmc/workspace/node-oj-stdin/src/transform/array.js","statementMap":{"0":{"start":{"line":2,"column":18},"end":{"line":5,"column":3}},"1":{"start":{"line":6,"column":20},"end":{"line":9,"column":3}},"2":{"start":{"line":10,"column":2},"end":{"line":10,"column":80}},"3":{"start":{"line":10,"column":39},"end":{"line":10,"column":77}},"4":{"start":{"line":13,"column":18},"end":{"line":16,"column":3}},"5":{"start":{"line":17,"column":20},"end":{"line":20,"column":3}},"6":{"start":{"line":21,"column":2},"end":{"line":23,"column":69}},"7":{"start":{"line":23,"column":20},"end":{"line":23,"column":66}}},"fnMap":{"0":{"name":"toArr","decl":{"start":{"line":1,"column":16},"end":{"line":1,"column":21}},"loc":{"start":{"line":1,"column":27},"end":{"line":11,"column":1}},"line":1},"1":{"name":"(anonymous_1)","decl":{"start":{"line":10,"column":28},"end":{"line":10,"column":29}},"loc":{"start":{"line":10,"column":39},"end":{"line":10,"column":77}},"line":10},"2":{"name":"toArrNum","decl":{"start":{"line":12,"column":16},"end":{"line":12,"column":24}},"loc":{"start":{"line":12,"column":30},"end":{"line":24,"column":1}},"line":12},"3":{"name":"(anonymous_3)","decl":{"start":{"line":23,"column":9},"end":{"line":23,"column":10}},"loc":{"start":{"line":23,"column":20},"end":{"line":23,"column":66}},"line":23}},"branchMap":{"0":{"loc":{"start":{"line":10,"column":39},"end":{"line":10,"column":77}},"type":"cond-expr","locations":[{"start":{"line":10,"column":55},"end":{"line":10,"column":70}},{"start":{"line":10,"column":73},"end":{"line":10,"column":77}}],"line":10},"1":{"loc":{"start":{"line":23,"column":20},"end":{"line":23,"column":66}},"type":"cond-expr","locations":[{"start":{"line":23,"column":36},"end":{"line":23,"column":51}},{"start":{"line":23,"column":54},"end":{"line":23,"column":66}}],"line":23}},"s":{"0":1,"1":1,"2":1,"3":3,"4":2,"5":2,"6":2,"7":10},"f":{"0":1,"1":3,"2":2,"3":10},"b":{"0":[2,1],"1":[2,8]},"_coverageSchema":"1a1c01bbd47fc00a2c39e90264f33305004495a9","hash":"0e6e0e2851563d42b65319758736c355722a18a5"}
,"/Users/wmc/workspace/node-oj-stdin/src/transform/number.js": {"path":"/Users/wmc/workspace/node-oj-stdin/src/transform/number.js","statementMap":{"0":{"start":{"line":2,"column":2},"end":{"line":2,"column":54}},"1":{"start":{"line":2,"column":43},"end":{"line":2,"column":52}}},"fnMap":{"0":{"name":"toNums","decl":{"start":{"line":1,"column":16},"end":{"line":1,"column":22}},"loc":{"start":{"line":1,"column":28},"end":{"line":3,"column":1}},"line":1},"1":{"name":"(anonymous_1)","decl":{"start":{"line":2,"column":36},"end":{"line":2,"column":37}},"loc":{"start":{"line":2,"column":43},"end":{"line":2,"column":52}},"line":2}},"branchMap":{},"s":{"0":1,"1":4},"f":{"0":1,"1":4},"b":{},"_coverageSchema":"1a1c01bbd47fc00a2c39e90264f33305004495a9","hash":"61d20e83582bec20bae1fdbe8746586f0f7180c4"}
,"/Users/wmc/workspace/node-oj-stdin/src/transform/tree.js": {"path":"/Users/wmc/workspace/node-oj-stdin/src/transform/tree.js","statementMap":{"0":{"start":{"line":4,"column":2},"end":{"line":4,"column":17}},"1":{"start":{"line":5,"column":2},"end":{"line":5,"column":19}},"2":{"start":{"line":6,"column":2},"end":{"line":6,"column":21}},"3":{"start":{"line":10,"column":14},"end":{"line":10,"column":27}},"4":{"start":{"line":12,"column":18},"end":{"line":12,"column":29}},"5":{"start":{"line":14,"column":2},"end":{"line":16,"column":3}},"6":{"start":{"line":15,"column":4},"end":{"line":15,"column":16}},"7":{"start":{"line":17,"column":15},"end":{"line":17,"column":37}},"8":{"start":{"line":18,"column":16},"end":{"line":18,"column":22}},"9":{"start":{"line":20,"column":2},"end":{"line":32,"column":3}},"10":{"start":{"line":21,"column":17},"end":{"line":21,"column":30}},"11":{"start":{"line":22,"column":17},"end":{"line":22,"column":28}},"12":{"start":{"line":23,"column":4},"end":{"line":26,"column":5}},"13":{"start":{"line":24,"column":6},"end":{"line":24,"column":38}},"14":{"start":{"line":25,"column":6},"end":{"line":25,"column":28}},"15":{"start":{"line":27,"column":17},"end":{"line":27,"column":28}},"16":{"start":{"line":28,"column":4},"end":{"line":31,"column":5}},"17":{"start":{"line":29,"column":6},"end":{"line":29,"column":39}},"18":{"start":{"line":30,"column":6},"end":{"line":30,"column":29}},"19":{"start":{"line":34,"column":2},"end":{"line":34,"column":14}},"20":{"start":{"line":37,"column":2},"end":{"line":39,"column":3}},"21":{"start":{"line":38,"column":4},"end":{"line":38,"column":14}},"22":{"start":{"line":40,"column":16},"end":{"line":40,"column":22}},"23":{"start":{"line":41,"column":15},"end":{"line":41,"column":23}},"24":{"start":{"line":43,"column":2},"end":{"line":61,"column":3}},"25":{"start":{"line":44,"column":17},"end":{"line":44,"column":30}},"26":{"start":{"line":45,"column":4},"end":{"line":52,"column":5}},"27":{"start":{"line":46,"column":6},"end":{"line":51,"column":7}},"28":{"start":{"line":47,"column":8},"end":{"line":47,"column":30}},"29":{"start":{"line":48,"column":8},"end":{"line":48,"column":38}},"30":{"start":{"line":49,"column":13},"end":{"line":51,"column":7}},"31":{"start":{"line":50,"column":8},"end":{"line":50,"column":26}},"32":{"start":{"line":53,"column":4},"end":{"line":60,"column":5}},"33":{"start":{"line":54,"column":6},"end":{"line":59,"column":7}},"34":{"start":{"line":55,"column":8},"end":{"line":55,"column":31}},"35":{"start":{"line":56,"column":8},"end":{"line":56,"column":39}},"36":{"start":{"line":57,"column":13},"end":{"line":59,"column":7}},"37":{"start":{"line":58,"column":8},"end":{"line":58,"column":26}},"38":{"start":{"line":63,"column":2},"end":{"line":63,"column":67}}},"fnMap":{"0":{"name":"BTreeNode","decl":{"start":{"line":3,"column":16},"end":{"line":3,"column":25}},"loc":{"start":{"line":3,"column":58},"end":{"line":7,"column":1}},"line":3},"1":{"name":"toBTree","decl":{"start":{"line":9,"column":16},"end":{"line":9,"column":23}},"loc":{"start":{"line":9,"column":29},"end":{"line":35,"column":1}},"line":9},"2":{"name":"toStrBTree","decl":{"start":{"line":36,"column":16},"end":{"line":36,"column":26}},"loc":{"start":{"line":36,"column":33},"end":{"line":64,"column":1}},"line":36}},"branchMap":{"0":{"loc":{"start":{"line":3,"column":31},"end":{"line":3,"column":42}},"type":"default-arg","locations":[{"start":{"line":3,"column":38},"end":{"line":3,"column":42}}],"line":3},"1":{"loc":{"start":{"line":3,"column":44},"end":{"line":3,"column":56}},"type":"default-arg","locations":[{"start":{"line":3,"column":52},"end":{"line":3,"column":56}}],"line":3},"2":{"loc":{"start":{"line":14,"column":2},"end":{"line":16,"column":3}},"type":"if","locations":[{"start":{"line":14,"column":2},"end":{"line":16,"column":3}},{"start":{"line":14,"column":2},"end":{"line":16,"column":3}}],"line":14},"3":{"loc":{"start":{"line":14,"column":6},"end":{"line":14,"column":47}},"type":"binary-expr","locations":[{"start":{"line":14,"column":6},"end":{"line":14,"column":22}},{"start":{"line":14,"column":26},"end":{"line":14,"column":47}}],"line":14},"4":{"loc":{"start":{"line":23,"column":4},"end":{"line":26,"column":5}},"type":"if","locations":[{"start":{"line":23,"column":4},"end":{"line":26,"column":5}},{"start":{"line":23,"column":4},"end":{"line":26,"column":5}}],"line":23},"5":{"loc":{"start":{"line":23,"column":8},"end":{"line":23,"column":43}},"type":"binary-expr","locations":[{"start":{"line":23,"column":8},"end":{"line":23,"column":21}},{"start":{"line":23,"column":25},"end":{"line":23,"column":43}}],"line":23},"6":{"loc":{"start":{"line":28,"column":4},"end":{"line":31,"column":5}},"type":"if","locations":[{"start":{"line":28,"column":4},"end":{"line":31,"column":5}},{"start":{"line":28,"column":4},"end":{"line":31,"column":5}}],"line":28},"7":{"loc":{"start":{"line":28,"column":8},"end":{"line":28,"column":43}},"type":"binary-expr","locations":[{"start":{"line":28,"column":8},"end":{"line":28,"column":21}},{"start":{"line":28,"column":25},"end":{"line":28,"column":43}}],"line":28},"8":{"loc":{"start":{"line":37,"column":2},"end":{"line":39,"column":3}},"type":"if","locations":[{"start":{"line":37,"column":2},"end":{"line":39,"column":3}},{"start":{"line":37,"column":2},"end":{"line":39,"column":3}}],"line":37},"9":{"loc":{"start":{"line":45,"column":4},"end":{"line":52,"column":5}},"type":"if","locations":[{"start":{"line":45,"column":4},"end":{"line":52,"column":5}},{"start":{"line":45,"column":4},"end":{"line":52,"column":5}}],"line":45},"10":{"loc":{"start":{"line":46,"column":6},"end":{"line":51,"column":7}},"type":"if","locations":[{"start":{"line":46,"column":6},"end":{"line":51,"column":7}},{"start":{"line":46,"column":6},"end":{"line":51,"column":7}}],"line":46},"11":{"loc":{"start":{"line":49,"column":13},"end":{"line":51,"column":7}},"type":"if","locations":[{"start":{"line":49,"column":13},"end":{"line":51,"column":7}},{"start":{"line":49,"column":13},"end":{"line":51,"column":7}}],"line":49},"12":{"loc":{"start":{"line":53,"column":4},"end":{"line":60,"column":5}},"type":"if","locations":[{"start":{"line":53,"column":4},"end":{"line":60,"column":5}},{"start":{"line":53,"column":4},"end":{"line":60,"column":5}}],"line":53},"13":{"loc":{"start":{"line":54,"column":6},"end":{"line":59,"column":7}},"type":"if","locations":[{"start":{"line":54,"column":6},"end":{"line":59,"column":7}},{"start":{"line":54,"column":6},"end":{"line":59,"column":7}}],"line":54},"14":{"loc":{"start":{"line":57,"column":13},"end":{"line":59,"column":7}},"type":"if","locations":[{"start":{"line":57,"column":13},"end":{"line":59,"column":7}},{"start":{"line":57,"column":13},"end":{"line":59,"column":7}}],"line":57}},"s":{"0":24,"1":24,"2":24,"3":2,"4":2,"5":2,"6":0,"7":2,"8":2,"9":2,"10":8,"11":8,"12":8,"13":2,"14":2,"15":8,"16":8,"17":4,"18":4,"19":2,"20":2,"21":0,"22":2,"23":2,"24":2,"25":8,"26":8,"27":8,"28":2,"29":2,"30":6,"31":6,"32":8,"33":8,"34":4,"35":4,"36":4,"37":4,"38":2},"f":{"0":24,"1":2,"2":2},"b":{"0":[16],"1":[16],"2":[0,2],"3":[2,2],"4":[2,6],"5":[8,6],"6":[4,4],"7":[8,8],"8":[0,2],"9":[8,0],"10":[2,6],"11":[6,0],"12":[8,0],"13":[4,4],"14":[4,0]},"_coverageSchema":"1a1c01bbd47fc00a2c39e90264f33305004495a9","hash":"745b882666058c5d832059f1b89d9b7ab360a7c2"}
}
