TN:
SF:src/core/array.js
FN:3,getLineArr
FN:4,(anonymous_1)
FNF:2
FNH:2
FNDA:1,getLineArr
FNDA:1,(anonymous_1)
DA:4,1
LF:1
LH:1
BRF:0
BRH:0
end_of_record
TN:
SF:src/core/base.js
FN:11,lineEvent
FN:15,closeEvent
FN:16,closeProcess
FN:25,getLine
FN:27,(anonymous_4)
FN:28,run
FN:39,close
FNF:7
FNH:0
FNDA:0,lineEvent
FNDA:0,closeEvent
FNDA:0,closeProcess
FNDA:0,getLine
FNDA:0,(anonymous_4)
FNDA:0,run
FNDA:0,close
DA:3,2
DA:8,2
DA:9,2
DA:11,2
DA:12,0
DA:15,2
DA:16,0
DA:17,0
DA:18,0
DA:20,0
DA:26,0
DA:27,0
DA:28,0
DA:29,0
DA:30,0
DA:31,0
DA:33,0
DA:40,0
LF:18
LH:5
BRDA:17,0,0,0
BRDA:17,0,1,0
BRDA:17,1,0,0
BRDA:17,1,1,0
BRDA:29,2,0,0
BRDA:29,2,1,0
BRF:6
BRH:0
end_of_record
TN:
SF:src/core/number.js
FN:4,getLineInt
FN:5,(anonymous_1)
FNF:2
FNH:2
FNDA:1,getLineInt
FNDA:1,(anonymous_1)
DA:5,1
LF:1
LH:1
BRF:0
BRH:0
end_of_record
TN:
SF:src/transform/array.js
FN:1,toArr
FN:10,(anonymous_1)
FN:12,toArrNum
FN:23,(anonymous_3)
FNF:4
FNH:4
FNDA:1,toArr
FNDA:3,(anonymous_1)
FNDA:2,toArrNum
FNDA:10,(anonymous_3)
DA:2,1
DA:6,1
DA:10,3
DA:13,2
DA:17,2
DA:21,2
DA:23,10
LF:7
LH:7
BRDA:10,0,0,2
BRDA:10,0,1,1
BRDA:23,1,0,2
BRDA:23,1,1,8
BRF:4
BRH:4
end_of_record
TN:
SF:src/transform/number.js
FN:1,toNums
FN:2,(anonymous_1)
FNF:2
FNH:2
FNDA:1,toNums
FNDA:4,(anonymous_1)
DA:2,4
LF:1
LH:1
BRF:0
BRH:0
end_of_record
TN:
SF:src/transform/tree.js
FN:3,BTreeNode
FN:9,toBTree
FN:36,toStrBTree
FNF:3
FNH:3
FNDA:24,BTreeNode
FNDA:2,toBTree
FNDA:2,toStrBTree
DA:4,24
DA:5,24
DA:6,24
DA:10,2
DA:12,2
DA:14,2
DA:15,0
DA:17,2
DA:18,2
DA:20,2
DA:21,8
DA:22,8
DA:23,8
DA:24,2
DA:25,2
DA:27,8
DA:28,8
DA:29,4
DA:30,4
DA:34,2
DA:37,2
DA:38,0
DA:40,2
DA:41,2
DA:43,2
DA:44,8
DA:45,8
DA:46,8
DA:47,2
DA:48,2
DA:49,6
DA:50,6
DA:53,8
DA:54,8
DA:55,4
DA:56,4
DA:57,4
DA:58,4
DA:63,2
LF:39
LH:37
BRDA:3,0,0,16
BRDA:3,1,0,16
BRDA:14,2,0,0
BRDA:14,2,1,2
BRDA:14,3,0,2
BRDA:14,3,1,2
BRDA:23,4,0,2
BRDA:23,4,1,6
BRDA:23,5,0,8
BRDA:23,5,1,6
BRDA:28,6,0,4
BRDA:28,6,1,4
BRDA:28,7,0,8
BRDA:28,7,1,8
BRDA:37,8,0,0
BRDA:37,8,1,2
BRDA:45,9,0,8
BRDA:45,9,1,0
BRDA:46,10,0,2
BRDA:46,10,1,6
BRDA:49,11,0,6
BRDA:49,11,1,0
BRDA:53,12,0,8
BRDA:53,12,1,0
BRDA:54,13,0,4
BRDA:54,13,1,4
BRDA:57,14,0,4
BRDA:57,14,1,0
BRF:28
BRH:22
end_of_record
